[    0.000000] Initilizing cgroup subsys cpuset
[    0.000000] Initializing cgroup subsys cpu
[    0.000000] Initializing cgroup subsys cpuacct
[    0.000000] Linux version 4.4.0-137-generic (buildd@lgw01-amd64-037) (gcc version 5.4.0 20160609 (Ubuntu 5.4.0-6ubuntu1~16.04.10) ) #163-Ubuntu SMP Mon Sep 24 13:14:43 UTC 2018 (Ubuntu 4.4.0-137.163-generic 4.4.144)
[    0.000000] Command line BOOT_IMAGE=/boot/vmlinuz-4.4.0-137-generic root=LABEL=cloudimg-rootfs r console=tty1 consol=ttyS0
[    0000000] KERNEL supported cpus:
[    0.000000]   Intel GenuineItel
    0.000000]   AMD AuthenticAMD
[    0.000000]   Centaur CentaurHauls
[    0.000000] x86/fpu: xstate_offset[2]:  576, xstate_sizes[2]:  256
[    0.000000] x86/fpu: Supporting XSAVE feature 0x01: 'x87 floating point regiters'
[    0.000000] x86/fu: Supporting XSAVE feature 0x02: 'SSE registerss'
[    0.000000] x86/fpu: Supporting XSAVE feature 0x04: 'AVX registers'
[    0.000000] x86/fpu: Enabled xstate features 0x7, context size is 832 bytes,using 'standard' format.
[    0.000000] e820: BIOS-provided physical RAM map:
[    .000000] BIOS-e820: [mem 0x0000000000000000-x000000000009fbff] usable
[    0.000000] BOSe820: [mem 0x000000000009fc00-0x000000000009fff] reserved
[    0.000000] BIOS-e820: [mem 0x00000000000f0000-0x00000000000fffff] reserved
[    0.000000] BIOS-e820: [mem 0x0000000000100000-0x000000003ffeffff] usable
[    0.000000] BIOS-e820: [mem 0x000000003fff0000-0x000000003fffffff] ACPI dta
[    0.000000] BOS-e820: [mem 0x00000000fc00000-0x00000000fec00fff] reserved
[    0.000000] BIOS-e820: mem 0x00000000fee00000-0x00000000fee00fff] reserved
[    0.000000] BIOS-e820: [mem 0x00000000fffc000-000000000ffffffff] reserved
[    0.000000] NX (Execute Disable) protection: active
[    .000000] SMBIOS 2.5 present.
[    0.000000] Hypervisor detected: KVM
[    0.000000] e820: last_pfn = 0x3fff0 max_arch_fn= 0x400000000
[    0.000000] MTRR: Disabled
[    0.000000] x86/PAT: MTRRsdisabled, skipping PAT initialization too.
[    0.000000] CPU MTRRs all blank - virtualized system.
[    0.000000] x86/PAT: Configuration [0-7]: WB  WT  UC- UC  WB  WT  UC- UC  
[    0.000000] found SMP MP-table at [mem 0x0009fff0-0x000ffff] mapped at [ffff88000009fff0]
[    0.000000] Scanning 1 areas for low memory corruption
[    0.00000] RAMDISK: [mem 0x3630a000-0x3717cfff]
[    0.0000] ACPI: Early table checksum verification disabled
[    0.000000] ACPI: RSDP 0x00000000000E0000 000024 (v02 VBOX  )
[    0.000000] ACPI: XSDT 0x000000003FFF0030 00003C (v01 VBOX   VBOXXSDT 00000001 ASL  00000061)
[    0.000000] ACPI: FACP 0x00000003FFF00F0 0000F4 (v04 VBOX   VBOXFACP 00000001 ASL  00000061)
[    0.000000] ACPI: DSDT 0000000003FFF070 002FF (v02 VBOX   VBOXBIOS 00000002 INTL 20100528)
[    0.000000] ACPI: FACS 0x000000003FFF0200 000040
[    0.000000] ACPI: FACS 0x000000003FFF0200 000040
[    0.000000] ACPI: APIC 0x000000003FFF0240 00005C (v02 VBOX   VBOXAPIC 00000001 ASL  00000061)
[    0.000000] ACPI: SSDT 0x000000003FFF02A0 0001CC (v01 VBOX   VBOXCPUT 00000002 INTL 20100528)
[    0.000000] No NUMA configuration found
[    0.000000] Faking a node at [mem 0x0000000000000000-0x000000003ffeffff]
[    0.000000] NODE_DATA(0) allocated [mem 0x3ffeb000-0x3ffeffff]
[    0.000000] kvm-clock: Using msrs 4b564d01 and 4b564d00
[    0.000000] kvm-clock: cpu 0, msr 0:3ffe3001, primary cpu clock
[    0.000000] kvm-clock: using sched offset of 4915812315 cycles
[    0.000000] clockource: kvm-clock: mask: 0xffffffffffffffff max_cycles: 0x1cd42e4dffb, max_idle_ns: 881590591483 ns
[    0.000000] Zone ranes:
[    0.000000]   DMA      [mem 0x000000000001000-0x0000000000ffffff]
[    0.000000]   DMA32    [mem 0x0000000001000000-0x000000003ffeffff]
[    0.000000]   Normal   empty
[    0.000000]   Device   empty
[    0.000000] Movable zone start for each node
[    0.000000] Early memory node ranges
[    0.000000]   node   0:mem 0x0000000000001000-0x000000000009efff]
[    0.000000]   node   0: [mem 0x0000000000100000-0x000000003ffeffff]
[    0.000000] Initmem setup node 0 [mem 0x0000000000001000-0x000000003ffeffff]
[    0.000000] ACPI: PM-Timer IO Port: 0x4008
[    0.000000] IOAPIC[0]: apic_id 2, version 32, address 0xfec00000, G 0-23
[    0.000000] ACPI: INT_SRC_OVR (b 0 bus_rq0 global_irq 2 dfl dfl)
[    0.000000] ACPI: INT_SRC_OVR (bus 0 bus_irq 9 global_irq 9 low levvel)
[    0.000000] Using ACPI (MADT) for SMP configuration infomation
[   0.000000] smpboot: Allowing 2 CPUs, 0 hotplug CPUs

[    0.000000] PM: Registered nosave memory: [mem 0x00000000-0x00000fff]
[    0.000000] M: Registered nosave memory: [mem 0x0009f000-0x0009ffff]
[    0.00000] PM: Registered nosave memory: [mem 0x000a0000-0x000effff]
[    0.000000] PM: Registered nosave memo:: [mem 0x000f0000-0x000fffff]
[    0.000000] e820: [mem 0x40000000-0xfebfffff] available for PCI devices
[    0.000000] Booting paravirtualized kernel on KVM
[    0.000000] clocksource: refined-jiffies: mask: 0xffffffff max_cycles: 0xffffffff, max_idle_ns: 7645519600211568 ns
[    0.000000] setup_percpu: NR_CUS:512 nr_cpumask_bits:512 nr_cpu_ids:2 nr_node_ids:1
[    0.000000] PERCPU: Embedded 34 pages/cpu @ffff88003fc00000 s99608 r8192 d31464 u1048576
[    0.000000] PV qspinlock hash table entries: 256 (order 0, 4096 bytes)
[    0.000000] Built 1 zonelists i Node order, mobility grouping on.  Total pages: 257912
[    0.000000] Polcy zone: DMA32
[  0.000000] Kernel command line: OT_IMAGE=/boot/vmlinuz-4.4.0-137-generic root=LABELcloudimg-rootfs ro console=tty1 console=ttyS0
[    0.000000] PID hash table entries: 4096 (order: 3, 32768 bytes)
[    0.000000] Memory: 997708K/1048120K avalabl ((8555K kernel code, 1314K rwdata, 4004K rodata, 1528K init, 1316K bss, 50412K reserved, 0K cma-reserved)
[    0.000000] SLUB: HWalign=64, Order=0-3, MinObjects=0, CPUs=2, Nodes=1
[    0.000000] Kernel/User page tables isolation: enabled
[    0.000000] Hierarchical RCU implementation.
[    0.000000] 	Build-time adjustment of leaf fanout to 64.
[    0.000000] 	RCU restrictng CPUs from NR_CPUS=512 to nr_cpu_ids=2.
[    0.0000] RCU: Adjusting geometryfor rcu_fanout_leaf=64, nr_cpu_ids=2
[    0.000000] NR_IRQS:33024  nr_irqs:40 1
[    0.000000] Console: clour VGA+ 80x25
[    0.000000] console [tty1] enabled
[    0.000000] console [ttyS0] enabled
[   0.000000] tsc: Detected 2000.000 MHz processor
[    2.220086] Calibrating delay loop (skipped preset value.. 4000.00 BogoMIPS (lpj=8000000)
[    2.244026] pid_max: default: 32768 minimum: 301
[    2.251998] ACPI: Core revision 20150930
[    2.256865] ACPI: 2 ACPI AML tables successfully acquired and loaded
[    2.268417] Security Framework initialized
[    2.270112] Yama: becoming mindful.
[    2.273047] AppArmor: AppArmor initialized
[    2.279539] Dentry cache hash table entries: 131072 (order: 8, 1048576 bytes)
[    2.285870] Inode-cache hash table entries: 65536 (order: 7, 524288 bytes)
[    2.295771] Mount-cache hash table entries: 2048 (order: 2, 16384 bytes)
[    2.307873] Mountpoint-cache hash table entries: 2048 (order: 2, 16384 bytes)
[    2.312076] Initializing cgroup subsys io
[    2.313937] Initializing cgroup subsys memory
[    2.316138] Initializing cgroup subsys devices
[    2.317953] Initializing cgroup subsys freezer
[    2.319799] Initializing cgroup subsys net_cls
[    2.321963] Initializing cgroup subsys perf_event
[    2.331288] Initializing cgroup subsys net_prio
[    2.336569] Initializing cgroup subsys hugetlb
[    2.338368] Initializing cgroup subsys pids
[    2.346547] mce: CPU supports 0 MCE banks
[    2.350393] Last level iTLB entries: 4KB 1024, 2MB 1024, 4MB 1024
[    2.361964] Last level dTLB entries: 4KB 1024, 2MB 1024, 4MB 1024, 1GB 4
[    2.366083] Spectre V2 : Mitigation: Full generic retpoline
[    2.368511] Spectre V2 : Spectre v2 mitigation: Speculation control IBPB not-supported IBRS not-supported
[    2.373686] Spectre V2 : Spectre v2 / SpectreRSB mitigation: Filling RSB on context switch
[    2.388754] Speculative Store Bypass: Vulnerable
[    2.393315] Freeing SMP alternatives memory: 32K
[    2.404833] ftrace: allocating 32265 entries in 127 pages
[    2.479597] smpboot: APIC(0) Converting physical 0 to logical package 0
[    2.504128] smpboot: Max logical packages: 1
[    2.506910] x2apic enabled
[    2.521569] Switched APIC routing to physical x2apic.
[    2.526183] ..TIMER: vector=0x30 apic1=0 pin1=2 apic2=-1 pin2=-1
[    2.635627] smpboot: CPU0: Intel(R) Core(TM) i5-4260U CPU @ 1.40GHz (family: 0x6, model: 0x45, stepping: 0x1)
[    2.652872] Performance Events: unsupported p6 CPU model 69 no PMU driver, software events only.
[    2.664206] KVM setup paravirtual spinlock
[    2.672565] x86: Booting SMP configuration:
[    2.676874] .... node  #0, CPUs:      #1
[    2.679478] kvm-clock: cpu 1, msr 0:3ffe3041, secondary cpu clock
[    2.690696] mce: CPU supports 0 MCE banks
[    2.703321] x86: Booted up 1 node, 2 CPUs
[    2.706203] smpboot: Total of 2 processors activated (8000.00 BogoMIPS)
[    2.710858] devtmpfs: initialized
[    2.727072] evm: security.selinux
[    2.729197] evm: security.SMACK64
[    2.737687] evm: security.SMACK64EXEC
[    2.739462] evm: security.SMACK64TRANSMUTE
[    2.747235] evm: security.SMACK64MMAP
[    2.749087] evm: security.ima
[    2.750480] evm: security.capability
[    2.752646] clocksource: jiffies: mask: 0xffffffff max_cycles: 0xffffffff, max_idle_ns: 7645041785100000 ns
[    2.756826] futex hash table entries: 512 (order: 3, 32768 bytes)
[    2.759812] pinctrl core: initialized pinctrl subsystem
[    2.762784] RTC time: 16:04:44, date: 10/06/18
[    2.808355] NET: Registered protocol family 16
[    2.863679] cpuidle: using governor ladder
[    2.891319] cpuidle: using governor menu
[    2.908646] PCCT header not found.
[    2.926083] ACPI: bus type PCI registered
[    2.943942] acpiphp: ACPI Hot Plug PCI Controller Driver version: 0.5
[    2.946491] PCI: Using configuration type 1 for base access
[    2.970265] ACPI: Added _OSI(Module Device)
[    2.988414] ACPI: Added _OSI(Processor Device)
[    3.001826] ACPI: Added _OSI(3.0 _SCP Extensions)
[    3.003933] ACPI: Added _OSI(Processor Aggregator Device)
[    3.019031] ACPI: Executed 1 blocks of module-level executable AML code
[    3.026810] ACPI: Interpreter enabled
[    3.033401] ACPI: (supports S0 S5)
[    3.035562] ACPI: Using IOAPIC for interrupt routing
[    3.037569] PCI: Using host bridge windows from ACPI; if necessary, use "pci=nocrs" and report a bug
[    3.056374] ACPI: PCI Root Bridge [PCI0] (domain 0000 [bus 00-ff])
[    3.068215] acpi PNP0A03:00: _OSC: OS supports [ASPM ClockPM Segments MSI]
[    3.072272] acpi PNP0A03:00: _OSC: not requesting OS control; OS requires [ExtendedConfig ASPM ClockPM MSI]
[    3.076614] acpi PNP0A03:00: fail to add MMCONFIG information, can't access extended PCI configuration space under this bridge.
[    3.088933] PCI host bridge to bus 0000:00
[    3.090876] pci_bus 0000:00: root bus resource [io  0x0000-0x0cf7 window]
[    3.095302] pci_bus 0000:00: root bus resource [io  0x0d00-0xffff window]
[    3.098295] pci_bus 0000:00: root bus resource [mem 0x000a0000-0x000bffff window]
[    3.107337] pci_bus 0000:00: root bus resource [mem 0x40000000-0xfdffffff window]
[    3.118318] pci_bus 0000:00: root bus resource [bus 00-ff]
[    3.144524] pci 0000:00:01.1: legacy IDE quirk: reg 0x10: [io  0x01f0-0x01f7]
[    3.148863] pci 0000:00:01.1: legacy IDE quirk: reg 0x14: [io  0x03f6]
[    3.152531] pci 0000:00:01.1: legacy IDE quirk: reg 0x18: [io  0x0170-0x0177]
[    3.156602] pci 0000:00:01.1: legacy IDE quirk: reg 0x1c: [io  0x0376]
[    3.201022] pci 0000:00:07.0: quirk: [io  0x4000-0x403f] claimed by PIIX4 ACPI
[    3.208093] pci 0000:00:07.0: quirk: [io  0x4100-0x410f] claimed by PIIX4 SMB
[    3.234439] ACPI: PCI Interrupt Link [LNKA] (IRQs 5 9 10 *11)
[    3.245361] ACPI: PCI Interrupt Link [LNKB] (IRQs 5 9 *10 11)
[    3.250389] ACPI: PCI Interrupt Link [LNKC] (IRQs 5 *9 10 11)
[    3.254128] ACPI: PCI Interrupt Link [LNKD] (IRQs 5 9 10 *11)
[    3.265994] ACPI: Enabled 2 GPEs in block 00 to 07
[    3.268752] vgaarb: setting as boot device: PCI:0000:00:02.0
[    3.271570] vgaarb: device added: PCI:0000:00:02.0,decodes=io+mem,owns=io+mem,locks=none
[    3.275268] vgaarb: loaded
[    3.282176] vgaarb: bridge control possible 0000:00:02.0
[    3.286241] SCSI subsystem initialized
[    3.288046] ACPI: bus type USB registered
[    3.295422] usbcore: registered new interface driver usbfs
[    3.298125] usbcore: registered new interface driver hub
[    3.310414] usbcore: registered new device driver usb
[    3.322940] PCI: Using ACPI for IRQ routing
[    3.326431] NetLabel: Initializing
[    3.331385] NetLabel:  domain hash size = 128
[    3.339363] NetLabel:  protocols = UNLABELED CIPSOv4
[    3.341477] NetLabel:  unlabeled traffic allowed by default
[    3.345641] amd_nb: Cannot enumerate AMD northbridges
[    3.352459] clocksource: Switched to clocksource kvm-clock
[    3.36626] Apprmor: AppArmor Filesystem Enabled
[    3.434852] pnp: PnP AC init
[    3.498170] pnp: PnP ACPI: found 3 devices

[    3.515209] clocksource: acpi_pm: mask: 0xffffff max_cycles: 0xffffff, max_idle_ns: 2085701024 ns[    3.550226] NET: Registered protoc family 2
[    3.715718] TCP established hash table entries: 8192 (order: 4, 65536 bytes)
[    721536] TCP bind hash table enrie 8192 (order: 5, 131072 bytes)
[    3.878979] TCP: Hash tables configured (established 8192ind 8192)
[   .953754 UDP hash table entries: 512 (order: 2, 16384 bys)
[    4.1570] UDP-Lite hash table entries: 512 (order: 2, 16384 bytes)
[    4165] NET: Registered protocol family 1
[    4.334594] pci 0000:00:00.0: Limiting direct PCI/PCI transfers
[    4.337238] pci 0000:00:01.0: Activating ISA DMA hang workarounds
[    4.340322] Unpacking initramfs...

[    4.714903] Freeing initrd memory: 14796K
[    4.751092] RAPL PMU detected, API unit is 2^-32 Joules, 4 fixed counters 10737418240 ms ovfl timer
[    4.765041] hw unit of domain pp0-core 2^-0 Joules
[    4.774075] hw unit of domain package 2^-0 Joules
[    4.780853] hw unit of domain dram 2^-0 Joules
[    4.783205] hw unit of domain pp1-gpu 2^-0 Joules
[    4.825433] platform rtc_cmos: registered platform RTC device (no PNP device found)
[    4.854463] Scanning for low memory corruption every 60 seconds
[    4.875158] audit: initializing netlink subsys (disabled)
[    4.921373] audit: type=2000 audit(1538841890.874:1): initialized
[    4.969764] Initialise system trusted keyring
[    4.989445] HugeTLB registered 2 MB page size, pre-allocated 0 pages
[    5.005056] zbud: loaded
[    5.007164] VFS: Disk quotas dquot_6.6.0
[    5.040961] VFS: Dquot-cache hash table entries: 512 (order 0, 4096 bytes)
[    5.044730] squashfs: version 4.0 (2009/01/31) Phillip Lougher
[    5.065700] fuse init (API version 7.23)
[    5.074766] Key type big_key registered
[    5.085456] Allocating IMA MOK and blacklist keyrings.
[    5.097578] Key type asymmetric registered
[    5.103552] Asymmetric key parser 'x509' registered
[    5.105897] Block layer SCSI generic (bsg) driver version 0.4 loaded (major 249)
[    5.123411] io scheduler noop registered
[    5.187298] io scheduler deadline registered (default)
[    5.247948] io scheduler cfq registered
[    5.252971] pci_hotplug: PCI Hot Plug PCI Core version: 0.5
[    5.286184] pciehp: PCI Express Hot Plug Controller Driver version: 0.4
[    5.305290] ACPI: AC Adapter [AC] (off-line)
[    5.313775] input: Power Button as /devices/LNXSYSTM:00/LNXPWRBN:00/input/input0
[    5.322124] ACPI: Power Button [PWRF]
[    5.328766] input: Sleep Button as /devices/LNXSYSTM:00/LNXSLPBN:00/input/input1
[    5.334960] ACPI: Sleep Button [SLPF]
[    5.348170] ACPI: Battery Slot [BAT0] (battery present)
[    5.353851] GHES: HEST is not enabled!
[    5.364439] Serial: 8250/16550 driver, 32 ports, IRQ sharing enabled
[    5.406972] 00:02: ttyS0 at I/O 0x3f8 (irq = 4, base_baud = 115200) is a 16550A
[    5.426770] Linux agpgart interface v0.103
[    5.434567] loop: module loaded
[    5.450162] scsi host0: ata_iix

[    5.482836] ssi host1: ta_piix
[   5.545761 ata1: PATA max UDMA/33 md 01f0 ctl 0x3f6 bmdma 0xd000 irq 14
[    5.657788] ata2: PATA max UDMA/33 cmd 0x170 ctl 0x376 bmdma 0xd008 irq 15

[    5.660689] libphy: Fixed MDIO Bus: probed
[    5.662632] tun: Universal TUN/TAP device driver, 1.6
[    5.666398] tun: (C) 199-2004 Max Krasnyansky <maxk@qualcomm.com>
[    5.96222] PPP generic driver version 2.4.2
[    5.726777] ehci_hcd: USB 2.0 'Enhanced' Host Controller (EHCI)Driver
[    5.757026] ehci-pci: EHCI PCI platform driver
[    5.759274] ehci-platfor: EHCI generic platform driver
[    5.817490] ohci_hcd: USB 1.1 'Open' Host Controller (OHCI) Driver
[    5.820062] ohci-pci: OHCI PCI platform driver
[    5.825140] tsc: Refined TSC clocksource calibration: 1998.698 MHz
[    5.825143] clocksource: ts: mask: 0xffffffffffffffff max_cycles: 0x399ec15f0ab, max_idle_ns: 881590812489 ns
[    5.861868] ohci-platform: OHCI generic platform driver
[    5.864195] uhci_hcd: USB Universal Host Controller Interface driver
[    5.867711] i8042: PN: PS/2 Controller [PNP0303:PS2K,PNP0f03:PS2M] at 0x60,0x64 irq 1,12
[    5.899751] serio: i8042 KBD port at 0x60,0x64 irq 1
[   5.902965] serio: i8042 AUX port at 0x60,0x64 irq 12

[    5.932742] mousedev: PS/2 mouse device common for all mice
[    5.947979] rtc_cmos rtc_cmos: rtc core: registered rtc_cmos as rtc0
[    5.954240] input: AT Translated Set 2 keyboard as /devices/platform/i8042/serio0/input/input2
[    5.958793] rtc_cmos rtc_cmos: alarms up to one day, 114 bytes nvram
[    5.966196] i2c /dev entries driver
[    5.969676] device-mapper: uevent: version 1.0.3
[    5.972204] device-mapper: ioctl: 4.34.0-ioctl (2015-10-28) initialised: dm-devel@redhat.com
[    5.979607] ledtrig-cpu: registered to indicate activity on CPUs
[    5.986677] NET: Registered protocol family 10
[    5.988818] NET: Registered protocol family 17
[    5.991215] Key type dns_resolver registered
[    5.996928] registered taskstats version 1
[    6.000132] Loading compiled-in X.509 certificates
[    6.007452] Loaded X.509 cert 'Build time autogenerated kernel key: 20acc96b50ca7641011eace69d32209215a9b56f'
[    6.018690] zswap: loaded using pool lzo/zbud
[    6.024742] Key type trusted registered
[    6.031462] Key type encrypted registered
[    6.038625] AppArmor: AppArmor sha1 policy hashing enabled
[    6.041325] ima: No TPM chip found, activating TPM-bypass!
[    6.043385] ima: Allocated hash algorithm: sha1
[    6.045539] evm: HMAC attrs: 0x1
[    6.048100]   Magic number: 6:684:84
[    6.050300] rtc_cmos rtc_cmos: setting system clock to 2018-10-06 16:04:47 UTC (1538841887)
[    6.056404] BIOS EDD facility v0.16 2004-Jun-25, 0 devices found
[    6.058924] EDD information not available.
[    6.062972] Freeing unused kernel memory: 1528K
[    6.076860] Write protecting the kernel read-only data: 14336k
[    6.082875] Freeing unused kernel memory: 1672K
[    6.087471] Freeing unused kernel memory: 92K
Loading, please wait...
starting version[    6.113609] random: systemd-udevd: uninitialized urandom read (16 bytes read, 3 bits of entropy available)
 229
[    6.114456] random: udevadm: uninitialized urandom read (16 bytes read, 3 bits of entropy available)
[    6.114477] random: udevadm: uninitialized urandom read (16 bytes read, 3 bits of entropy available)
[    6.125533] random: udevadm: uninitialized urandom read (16 bytes read, 3 bits of entropy available)
[    6.125584] random: udevadm: uninitialized urandom read (16 bytes read, 3 bits of entropy available)
[    6.125876] random: udevadm: uninitialized urandom read (16 bytes read, 3 bits of entropy available)
[    6.125972] random: udevadm: uninitialized urandom read (16 bytes read, 3 bits of entropy available)
[    6.126064] random: udevadm: uninitialized urandom read (16 bytes read, 3 bits of entropy available)
[    6.126259] random: udevadm: uninitialized urandom read (16 bytes read, 3 bits of entropy available)
[    6.126349] random: udevadm: uninitialized urandom read (16 bytes read, 3 bits of entropy available)
[    6.297169] e1000: Intel(R) PRO/1000 Network Driver - version 7.3.21-k8-NAPI
[    6.300581] e1000: Copyright (c) 1999-2006 Intel Corporation.
[    6.304773] Fusion MPT base driver 3.04.20
[    6.306592] Copyright (c) 1999-2008 LSI Corporation
[    6.315940] Fusion MPT SPI Host driver 3.04.20
[    6.343489] AVX2 version of gcm_enc/dec engaged.
[    6.345906] AES CTR mode by8 optimization enabled
[    6.516075] input: ImExPS/2 Generic Explorer Mouse as /devices/platform/i8042/serio1/input/input4
[    6.878858] e1000 0000:00:03.0 eth0: (PCI:33MHz:32-bit) 02:e1:e1:d1:e4:77
[    6.889616] e1000 0000:00:03.0 eth0: Intel(R) PRO/1000 Network Connection
[    6.899410] mptbase: ioc0: Initiating bringup
[    6.965433] ioc0: LSI53C1030 A0: Capabilities={Initiator}
[    7.133681] scsi host2: ioc0: LSI53C1030 A0, FwRev=00000000h, Ports=1, MaxQ=256, IRQ=20
[    7.249952] scsi 2:0:0:0: Direct-Access     VBOX     HARDDISK         1.0  PQ: 0 ANSI: 5
[    7.257686] scsi target2:0:0: Beginning Domain Validation
[    7.276680] scsi target2:0:0: Domain Validation skipping write tests
[    7.279293] scsi target2:0:0: Ending Domain Validation
[    7.281863] scsi target2:0:0: asynchronous
[    7.320441] scsi 2:0:1:0: Direct-Access     VBOX     HARDDISK         1.0  PQ: 0 ANSI: 5
[    7.328602] scsi target2:0:1: Beginning Domain Validation
[    7.334129] scsi target2:0:1: Domain Validation skipping write tests
[    7.336890] scsi target2:0:1: Ending Domain Validation
[    7.339371] scsi target2:0:1: asynchronous
[    7.357659] sd 2:0:0:0: Attached scsi generic sg0 type 0
[    7.360432] sd 2:0:0:0: [sda] 20971520 512-byte logical blocks: (10.7 GB/10.0 GiB)
[    7.364695] sd 2:0:1:0: Attached scsi generic sg1 type 0
[    7.367143] sd 2:0:0:0: [sda] Write Protect is off
[    7.369071] sd 2:0:1:0: [sdb] 20480 512-byte logical blocks: (10.5 MB/10.0 MiB)
[    7.373983] sd 2:0:0:0: [sda] Incomplete mode parameter data
[    7.376317] sd 2:0:0:0: [sda] Assuming drive cache: write through
[    7.378918] sd 2:0:1:0: [sdb] Write Protect is off
[    7.384336] sd 2:0:1:0: [sdb] Incomplete mode parameter data
[    7.386618] sd 2:0:1:0: [sdb] Assuming drive cache: write through
[    7.392139]  sda: sda1
[    7.394807] sd 2:0:0:0: [sda] Attached SCSI disk
[    7.402995] sd 2:0:1:0: [sdb] Attached SCSI disk
[    7.855041] e1000 0000:00:08.0 eth1: (PCI:33MHz:32-bit) 08:00:27:17:ba:5f
[    7.871296] e1000 0000:00:08.0 eth1: Intel(R) PRO/1000 Network Connection
[    7.878919] e1000 0000:00:03.0 enp0s3: renamed from eth0
[    7.905354] e1000 0000:00:08.0 enp0s8: renamed from eth1
Begin: Loading e[    9.507412] md: linear personality registered for level -1
ssential drivers[    9.518991] md: multipath personality registered for level -4
 ... [    9.526305] md: raid0 personality registered for level 0
[    9.541421] md: raid1 personality registered for level 1
[    9.616526] raid6: sse2x1   gen()  6957 MB/s
[    9.684927] raid6: sse2x1   xor()  4817 MB/s
[    9.752644] raid6: sse2x2   gen()  7009 MB/s
[    9.820740] raid6: sse2x2   xor()  5454 MB/s
[    9.908965] raid6: sse2x4   gen()  8921 MB/s
[    9.988485] raid6: sse2x4   xor()  4130 MB/s
[   10.061292] raid6: avx2x1   gen()  7202 MB/s
[   10.133626] raid6: avx2x2   gen()  7366 MB/s
[   10.204700] raid6: avx2x4   gen()  7771 MB/s
[   10.210472] raid6: using algorithm sse2x4 gen() 8921 MB/s
[   10.224374] raid6: .... xor() 4130 MB/s, rmw enabled
[   10.230330] raid6: using avx2x2 recovery algorithm
[   10.252259] xor: automatically using best checksumming function:
[   10.297503]    avx       : 12814.000 MB/sec
[   10.402212] async_tx: api initialized (async)
[   10.464834] md: raid6 personality registered for level 6
[   10.478378] md: raid5 personality registered for level 5
[   10.482170] md: raid4 personality registered for level 4
[   10.502609] md: raid10 personality registered for level 10
done.
Begin: Running /scripts/init-premount ... done.
Begin: Mounting root file system ... Begin: Running /scripts/local-top ... done.
Begin: Running /scripts/local-premount ... [   10.586188] Btrfs loaded
Scanning for Btrfs filesystems
done.
Warning: fsck not present, so sk[   10.652976] EXT4-fs (sda1): mounted filesystem with ordered data mode. Opts: (null)
ipping root file system
done.
Begin: Running /scripts/local-bottom ... done.
Begin: Running /scripts/init-bottom ... done.
[   10.886013] systemd[1]: systemd 229 running in system mode. (+PAM +AUDIT +SELINUX +IMA +APPARMOR +SMACK +SYSVINIT +UTMP +LIBCRYPTSETUP +GCRYPT +GNUTLS +ACL +XZ -LZ4 +SECCOMP +BLKID +ELFUTILS +KMOD -IDN)
[   10.895232] systemd[1]: Detected virtualization oracle.
[   10.897688] systemd[1]: Detected architecture x86-64.

Welcome to [1mUbuntu 16.04.5 LTS[0m!

[   10.918471] systemd[1]: Set hostname to <ubuntu>.
[   10.934805] systemd[1]: Initializing machine ID from random generator.
[   10.939855] systemd[1]: Installed transient /etc/machine-id file.
[   11.248494] systemd[1]: Listening on LVM2 poll daemon socket.
[[0;32m  OK  [0m] Listening on LVM2 poll daemon socket.
[   11.263020] systemd[1]: Listening on Device-mapper event daemon FIFOs.
[[0;32m  OK  [0m] Listening on Device-mapper event daemon FIFOs.
[   11.270516] systemd[1]: Listening on Journal Socket (/dev/log).
[[0;32m  OK  [0m] Listening on Journal Socket (/dev/log).
[  11.291228] systemd[1]: Listening on /dev/initctl Compatibility Named Pipe.
[[0;32m  OK  [0m] Listening on /dev/initctl Compatibility Named Pipe.
[   11.350008] systemd[1]: Listening on Journal Socket.
[[0;32m  OK  [0m] Listening on Journal Socket.
[   11.368141] systemd[1]: Reached target Encrypted Volumes.
[[0;32m  OK  [0m] Reached target Encrypted Volumes.
[  11.39870] systemd[1]: Listning onVM2 metadata daemon socket.

[[0;32m  OK  [0m] Listening on LVM2 metadata daemon socket.
[   11.592449] systemd[1]: Reached target User and Group Name Lookups.
[[0;32m  OK  [0m] Reached target User and Group Name Lookups.
[   11.612660] systemd[1]: Started Forward Password Requests to Wall Directory Watch.
[[0;32m  OK  [0m] Started Forward Password Requests to Wall Directory Watch.
[   11.657301] systemd[1]:istening on udev Kerel cket.

[[0;32m  OK  [0m] Listening on udev Kernel Socket.
[   11.949374] systemd[1]: Listening on Journal Audit Socket.
[[0;32m  OK  [0m] Listening on Journal Audit Socket.
[   11.963948] systemd[1]: Created slice System Slice.
[[0;32m  OK  [0m] Created slice System Slice.
[   11.997272] systemd[1]: Starting Set console keymap...
         Starting Set console keymap...
[   12.012106] systemd[1]: Created slice system-serial\x2dgetty.slice.
[[0;32m  OK  [0m] Created slice system-serial\x2dgetty.slice.
[   12.064812] systemd[1]: Starting Uncomplicated firewall...
         Starting Uncomplicated firewall...
[   12.086359] systemd[1]: Mounting POSIX Message Queue File System...
         Mounting POSIX Message Queue File System...
[   12.104055] systemd[1]: Started Trigger resolvconf update for networkd DNS.
[[0;32m  OK  [0m] Started Trigger resolvconf update for networkd DNS.
[   12.157201] systemd[1]: Mounting Debug File System...
         Mounting Debug File System...
[   12.185526] systemd[1]: Reached target Swap.
[[0;32m  OK  [0m] Reached target Swap.
[   12.221411] systemd[1]: Mounting Huge Pages File System...
         Mounting Huge Pages File System...
[   12.251052] systemd[1]: Starting Monitoring of LVM2 mirrors, snapshots etc. using dmeventd or progress polling...
         Starting Monitoring of LVM2 mirrors... dmeventd or progress polling...
[   12.283760] systemd[1]: Listening on udev Control Socket.
[[0;32m  OK  [0m] Listening on udev Control Socket.
[   12.309318] systemd[1]: Starting Load Kernel Modules...
         Starting Load Kernel Modules...
[   12.319321] systemd[1]: Starting Remount Root and Kernel File Systems...
         Startin[   12.331763] Loading iSCSI transport class v2.0-870.
g Remount Root and Kernel File Systems...
[   12.340875] EXT4-fs (sda1): re-mounted. Opts: (null)
[   12.354143] iscsi: registered transport (tcp)
[   12.360708] systemd[1]: Starting Nameserver information manager...
         Starting Nameserver information manager...
[   12.368059] systemd[1]: Created slice User and Session Slice.
[[0;32m  OK  [0m] Created slice User and Session Slice.
[   12.380970] systemd[1]: Reached target Slices.
[[0;32m  OK  [0m] Reached target Slices.
[   12.397316] systemd[1]: Listening on Syslog Socket.
[[0;32m  OK  [0m] Listening on Syslog Socket.
[   12.407957] iscsi: registered transport (iser)
[   12.417240] systemd[1]: Starting Journal Service...
         Starting Journal Service...
[   12.435511] systemd[1]: Starting Create list of required static device nodes for the current kernel...
         Starting Create list of required st... nodes for the current kernel...
[   12.446948] systemd[1]: Reached target System Time Synchronized.
[[0;32m  OK  [0m] Reached target System Time Synchronized.
[   12.492326] systemd[1]: Set up automount Arbitrary Executable File Formats File System Automount Point.
[[0;32m  OK  [0m] Set up automount Arbitrary Executab...ats File System Automount Point.
[   12.526022] systemd[1]: Mounted Debug File System.
[[0;32m  OK  [0m] Mounted Debug File System.
[   12.537537] systemd[1]: Mounted Huge Pages File System.
[[0;32m  OK  [0m] Mounted Huge Pages File System.
[   12.594017] systemd[1]: Mounted POSIX Message Queue File System.
[[0;32m  OK  [0m] Mounted POSIX Message Queue File System.
[   12.629384] systemd[1]: Started Journal Service.
[[0;32m  OK  [0m] Started Journal Service.
[[0;32m  OK  [0m] Started Set console keymap.
[[0;32m  OK  [0m] Started Uncomplicated firewall.
[[0;32m  OK  [0m] Started Load Kernel Modules.
[[0;32m  OK  [0m] Started Remount Root and Kernel File Systems.
[[0;32m  OK  [0m] Started Create list of required sta...ce nodes for the current kernel.
[   12.710338] random: nonblocking pool is initialized
[[0;32m  OK  [0m] Started Nameserver information manager.
[[0;32m  OK  [0m] Started LVM2 metadata daemon.
         Starting Create Static Device Nodes in /dev...
         Starting udev Coldplug all Devices...
         Starting Load/Save Random Seed...
         Mounting FUSE Control File System...
         Starting Apply Kernel Variables...
         Starting Flush Journal to Persistent Storage...
[[0;32m  OK  [0m] Mounted FUSE Control File System.
[[0;32m  OK  [0m] Started Create Static Device Nodes in /dev.
[[0;32m  OK  [0m] Started Load/Save Random Seed.
[[0;32m  OK  [0m] Started Apply Kernel Variables.
[[0;32m  OK  [0m] Started udev Coldplug all Devices.
[[0;32m  OK  [0m] Started Flush Journal to Persistent Storage.
         Starting udev Kernel Device Manager...
[[0;32m  OK  [0m] Started Monitoring of LVM2 mirrors,...ng dmeventd or progress polling.
[[0;32m  OK  [0m] Started udev Kernel Device Manager.
[[0;32m  OK  [0m] Started Dispatch Password Requests to Console Directory Watch.
[[0;32m  OK  [0m] Reached target Local File Systems (Pre).
[[0;32m  OK  [0m] Reached target Local File Systems.
         Starting Tell Plymouth To Write Out Runtime Data...
         Starting Initial cloud-init job (pre-networking)...
         Starting Commit a transient machine-id on disk...
         Starting Create Volatile Files and Directories...
         Starting LSB: AppArmor initialization...
         Starting Set console font and keymap...
[[0;32m  OK  [0m] Started Tell Plymouth To Write Out Runtime Data.
[[0;32m  OK  [0m] Started Create Volatile Files and Directories.
         Starting Update UTMP about System Boot/Shutdown...
[[0;32m  OK  [0m] Started Commit a transient machine-id on disk.
[[0;32m  OK  [0m] Started Update UTMP about System Boot/Shutdown.
[[0;32m  OK  [0m] Found device /dev/ttyS0.
[[0;32m  OK  [0m] Listening on Load/Save RF Kill Switch Status /dev/rfkill Watch.
[[0;32m  OK  [0m] Started Set console font and keymap.
[   12.153619] cloud-init[474]: Cloud-init v. 18.3-9-g2e62cb8a-0ubuntu1~16.04.2 running 'init-local' at Sat, 06 Oct 2018 16:04:55 +0000. Up 11.65 seconds.
[[0;32m  OK  [0m] Started LSB: AppArmor initialization.
[[0;32m  OK  [0m] Started Initial cloud-init job (pre-networking).
[[0;32m  OK  [0m] Reached target Network (Pre).
         Starting Raise network interfaces...
[[0;32m  OK  [0m] Created slice system-getty.slice.
[[0;32m  OK  [0m] Started Raise network interfaces.
[[0;32m  OK  [0m] Reached target Network.
         Starting Initial cloud-init job (metadata service crawler)...
[   14.093630] cloud-init[933]: Cloud-init v. 18.3-9-g2e62cb8a-0ubuntu1~16.04.2 running 'init' at Sat, 06 Oct 2018 16:04:57 +0000. Up 13.22 seconds.
[   14.141150] cloud-init[933]: ci-info: ++++++++++++++++++++++++++++++++++++++Net device info+++++++++++++++++++++++++++++++++++++++
[   14.172817] cloud-init[933]: ci-info: +--------+-------+----------------------------+---------------+--------+-------------------+
[   14.173309] [cloud-init[0;32m  OK  [0m[933]: ] ci-info: | Device |   Up  |          Address           |      Mask     | Scope  |     Hw-Address    |Started Initial cloud-init job (metadata service crawler).

[   14.174640] cloud-init[933]: ci-info: +--------+-------+----------------------------+---------------+--------+-------------------+
[   14.318622] cloud-init[933]: ci-info: | enp0s3 |  True |         10.0.2.15          | 255.255.255.0 | global | 02:e1:e1:d1:e4:77 |
[[0;32m  OK  [0m] Reached target System Initialization.
[   14.319343] cloud-init[933]: ci-info: | enp0s3 |  True | fe80::e1:e1ff:fed1:e477/64 |       .       |  link  | 02:e1:e1:d1:e4:77 |
[   14.320139] cloud-init[933]: ci-info: | enp0s8 | False |             .              |       .       |   .    | 08:00:27:17:ba:5f |
[   14.453985] cloud-init[933]: ci-info: |   lo   |  True |         127.0.0.1          |   255.0.0.0   |  host  |         .         |
[   14.454612] cloud-init[933]: ci-info: |   lo   |  True |          ::1/128           |       .       |  host  |         .         |
[   14.460354] cloud-init[933]: ci-info: +--------+-------+----------------------------+---------------+--------+-------------------+
[   14.461889] cloud-init[933]: ci-info: +++++++++++++++++++++++++++Route IPv4 info++++++++++++++++++++++++++++
[   14.461941] cloud-init[933]: ci-info: +-------+-------------+----------+---------------+-----------+-------+
[   14.461983] cloud-init[933]: ci-info: | Route | Destination | Gateway  |    Genmask    | Interface | Flags |
[   14.462023] cloud-init[933]: ci-info: +-------+-------------+----------+---------------+-----------+-------+
[   14.462063] cloud-init[933]: ci-info: |   0   |   0.0.0.0   | 10.0.2.2 |    0.0.0.0    |   enp0s3  |   UG  |
[   14.462105] cloud-init[933]: ci-info: |   1   |   10.0.2.0  | 0.0.0.0  | 255.255.255.0 |   enp0s3  |   U   |
[   14.472340] cloud-init[933]: ci-info: +-------+-------------+----------+---------------+-----------+-------+
         Starting LXD - unix socket.
[   14.473553] cloud-init[933]: ci-info: +++++++++++++++++++Route IPv6 info+++++++++++++++++++
[   14.634346] [cloud-init[0;32m  OK  [0m[933]: ] ci-info: +-------+-------------+---------+-----------+-------+Listening on UUID daemon activation socket.

[   14.636189] cloud-init[933]: ci-info: | Route | Destination | Gateway | Interface | Flags |
[[0;32m  OK  [0m] Listening on D-Bus System Message Bus Socket.
[[   14.701895] cloud-init[933]: ci-info: +-------+-------------+---------+-----------+-------+
[   14.723262] cloud-init[933]: ci-info: |   0   |  fe80::/64  |    ::   |   enp0s3  |   U   |
[0;32m  OK  [0m] Started Daily apt download activities.
[[   14.724512] cloud-init[933]: ci-info: |   3   |   ff00::/8  |    ::   |   enp0s3  |   U   |
[   14.810793] cloud-init[933]: ci-info: +-------+-------------+---------+-----------+-------+
[0;32m  OK  [0m] Listening on ACPID Listen Socket.
[   14.815713] cloud-init[933]: Generating public/private rsa key pair.
[   14.887129] cloud-init[933]: Your identification has been saved in /etc/ssh/ssh_host_rsa_key.
[   14.888666] cloud-init[933]: Your public key has been saved in /etc/ssh/ssh_host_rsa_key.pub.
[[0;32m  OK  [0m] Started ACPI Events Check.
[   14.892589] cloud-init[933]: The key fingerprint is:
[   14.914788] cloud-init[933]: SHA256:fUn+4fI2l+Ux6A77q/Yj+utF8Gxvr+knpolXWxTIVbk root@ubuntu-xenial
[   14.915547] cloud-init[933]: The key's randomart image is:
[[0;32m  OK  [0m] Reached target Paths.
[[   14.916386] cloud-init[933]: +---[RSA 2048]----+
[   14.930046] cloud-init[933]: |            . o.+|
[0;32m  OK  [0m] Started Daily Cleanup of Temporary Directories.
[   14.932388] cloud-init[933]: |             o o |
[   14.953851] cloud-init[933]: |           ..   o|
[   14.954871] cloud-init         [933]: Starting Socket activation for snappy daemon.|         . o+. E.|

[   14.955987] cloud-init[933]: |        S . +=o. |
[   15.062903] cloud-init[933]: |           .o+o+o|
[[0;32m  OK  [0m] Started Daily apt upgrade and clean activities.
[[   15.063629] cloud-init[933]: |           .ooo*=|
[0;32m  OK  [0m[   15.158537] cloud-init[933]: |           +=*Bo=|
] Reached target Timers.
[[   15.160459] cloud-init[933]: |         .*BXXB*.|
[   15.214550] cloud-init[933]: +----[SHA256]-----+
[0;32m  OK  [0m] Reached target Cloud-config availability.
[[   15.214921] cloud-init[933]: Generating public/private dsa key pair.
[   15.272550] cloud-init[933]: Your identification has been saved in /etc/ssh/ssh_host_dsa_key.
[0;32m  OK  [0m] Reached target Network is Online.
[   15.273860] cloud-init[933]: Your public key has been saved in /etc/ssh/ssh_host_dsa_key.pub.
         [   15.405386] cloud-init[933]: The key fingerprint is:
[   15.408874] cloud-init[933]: SHA256:6Jx69gwea0RL1wId1mvruwH8LNGoqeSaQrr4xQaB2ec root@ubuntu-xenial
[   15.411793] cloud-init[933]: The key's randomart image is:
[   15.415819] cloud-init[933]: +---[DSA 1024]----+
[   15.417115] cloud-init[933]: |       .oo       |
[   15.419456] cloud-init[933]: | +    ... .      |
[   15.420723] cloud-init[933]: |o o .  . . .     |
Starting iSCSI initiator daemon (iscsid)...
[   15.422137] cloud-init[933]: |   +  oooo+      |
[   15.443119] cloud-init[933]: |  . Eo.oSo..     |
[   15.443670] cloud-init[933]: | . o oo+ =.      |
[[0;32m  OK  [0m] Listening on LXD - unix socket.
[[   15.445565] cloud-init[933]: |o   =.O ..+      |
[   15.462087] cloud-init[933]: |+  * ++= ...     |
[   15.465703] cloud-init[933]: |o++.++o.o oo     |
[   15.467771] cloud-init[933]: +----[SHA256]-----+
[0;32m  OK  [0m] Listening on Socket activation for snappy daemon.
[   15.469327] cloud-init[933]: Generating public/private ecdsa key pair.
[[0;32m  OK  [0m] Started iSCSI initiator daemon (iscsid).
[   15.518223] cloud-init[933]: Your identification has been saved in /etc/ssh/ssh_host_ecdsa_key.
[   15.533276] cloud-init[933]: Your public key has been saved in /etc/ssh/ssh_host_ecdsa_key.pub.
[   15.546407]          Starting Login to default iSCSI targets...
[[0;32m  OK  [0m] Reached target Sockets.
[[0;32m  OK  [0m] Reached target Basic System.
cloud-init[933]: The key fingerprint is:
[   15.560628]          Starting Virtualbox guest utils...
         Starting LSB: MD monitoring daemon...
cloud-init[933]: SHA256:gIOzby7aNs4BrzCDApyy4vWYhk9mgZem4mmXvZ63Voc root@ubuntu-xenial
[[0;32m  OK  [0m] Started Unattended Upgrades Shutdown.
[   15.564249] cloud-init[933]: The key's randomart image is:
         Starting Pollinate to seed the pseudo random number generator...
[   15.578608] cloud-init[933]: +---[ECDSA 256]---+
         Starting Snappy daemon...
[   15.591247] cloud-init[933]: |                 |
[   15.610403]          Starting Login Service...
cloud-init[933]: |   . .           |
[   15.625979] cloud-init[[0;32m  OK  [0m] Started D-Bus System Message Bus.
[933]: |  o o .          |
[   15.633589] cloud-init[933]: |. oo.. .         |
[   15.643043] cloud-init[933]: |++.=    S .      |
[   15.658406] cloud-init[933]: |+++..    E .     |
[   15.668093] cloud-init[933]: |X.+==   . .      |
[   15.683061] cloud-init[933]: |BOXB+..o         |
[   15.691797] cloud-init[933]: |+BB*o=+..        |
[   15.697326] cloud-init[933]: +----[SHA256]-----+
[   15.708504]          Starting System Logging Service...
cloud-init[933]: Generating public/private ed25519 key pair.
[[0;32m  OK  [0m] Started FUSE filesystem for LXC.
[   15.738981] cloud-init[933]: Your identification has been saved in /etc/ssh/ssh_host_ed25519_key.
[   15.751766] cloud-init[933]: Your public key has been saved in /etc/ssh/ssh_host_ed25519_key.pub.
[   15.758656] cloud-init[933]: The key fingerprint is:
         Starting Accounts Service...
[   15.762924] cloud-init[933]: SHA256:/MYrsLVMj7EQ+mpnRgBqvuZib1f2B/YwhoptOaP4eyI root@ubuntu-xenial
[[0;32m  OK  [0m] Started Regular background program processing daemon.
[   15.877137] cloud-init[933]: The key's randomart image is:
[   15.936580] [[0;32m  OK  [0m] Started Deferred execution scheduler.
         Starting LSB: Record successful boot for GRUB...
[[0;32m  OK  [0m] Started ACPI event daemon.
         Starting /etc/rc.local Compatibility...
         Starting LXD - container startup/shutdown...
cloud-init[933]: +--[ED25519 256]--+
[[0;32m  OK  [0m] Started System Logging Service.
[   16.003284] cloud-init[933]: |                 |
[   16.061351] [cloud-init[0;32m  OK  [0m[933]: ] |  .              |Started /etc/rc.local Compatibility.

[   16.063273] cloud-init[933]: | . .             |
[[0;32m  OK  [0m] Started Snappy daemon.
[   16.191630] cloud-init[933]: |..  . ..         |
[   16.316771] [cloud-init[0;32m  OK  [0m[933]: ] |o    o .S        |Started LXD - container startup/shutdown.

[   16.444417] [cloud-init[0;32m  OK  [0m[933]: ] | .  . +++O       |Started LSB: MD monitoring daemon.

[[0;32m  OK  [0m] [   16.446266] cloud-init[933]: |  . oo=B+*O      |
[   16.526103] cloud-init[933]: |.E.+.X* *o.+     |
[   16.528347] Started Virtualbox guest utils.
cloud-init[933]: |=o=*O=o  .o      |
[   16.540790] cloud-init[933]: +----[SHA256]-----+
[[0;32m  OK  [0m] Started Login to default iSCSI targets.
[[0;32m  OK  [0m] Started Pollinate to seed the pseudo random number generator.
[[0;32m  OK  [0m] Started LSB: Record successful boot for GRUB.
[[0;32m  OK  [0m] Started Login Service.
         Starting Authenticate and Authorize Users to Run Privileged Tasks...
         Starting OpenBSD Secure Shell server...
[[0;32m  OK  [0m] Reached target Remote File Systems (Pre).
[[0;32m  OK  [0m] Reached target Remote File Systems.
         Starting LSB: daemon to balance interrupts for SMP systems...
         Starting Permit User Sessions...
         Starting LSB: automatic crash report generation...
         Starting LSB: Set the CPU Frequency Scaling governor to "ondemand"...
         Starting Wait until snapd is fully seeded...
[[0;32m  OK  [0m] Started OpenBSD Secure Shell server.
[[0;32m  OK  [0m] Started Permit User Sessions.
[[0;32m  OK  [0m] Started Authenticate and Authorize Users to Run Privileged Tasks.
[[0;32m  OK  [0m] Started Accounts Service.
         Starting Terminate Plymouth Boot Screen...
         Starting Hold until boot process finishes up...
[[0;32m  OK  [0m] Started LSB: daemon to balance interrupts for SMP systems.
[[0;32m  OK  [0m] Started LSB: automatic crash report generation.
[[0;32m  OK  [0m] Started LSB: Set the CPU Frequency Scaling governor to "ondemand".
[[0;32m  OK  [0m] Started Terminate Plymouth Boot Screen.
[[0;32m  OK  [0m] Started Hold until boot process finishes up.
[[0;32m  OK  [0m] Started Getty on tty1.
[[0;32m  OK  [0m] Started Serial Getty on ttyS0.
[[0;32m  OK  [0m] Reached target Login Prompts.
         Starting Set console scheme...
[[0;32m  OK  [0m] Started Set console scheme.
[[0;32m  OK  [0m] Created slice User Slice of vagrant.
[[0;32m  OK  [0m] Started Session 1 of user vagrant.
         Starting User Manager for UID 1000...
[[0;32m  OK  [0m] Started User Manager for UID 1000.
[[0;32m  OK  [0m] Started Wait until snapd is fully seeded.
[[0;32m  OK  [0m] Reached target Multi-User System.
[[0;32m  OK  [0m] Reached target Graphical Interface.
         Starting Update UTMP about System Runlevel Changes...
         Starting Apply the settings specified in cloud-config...
[[0;32m  OK  [0m] Started Update UTMP about System Runlevel Changes.
[   19.544180] cloud-init[1331]: Generating locales (this might take a while)...
         Stopping User Manager for UID 1000...
[   20.989302] cloud-init[1331]:   en_US.UTF-8... done
[   21.004495] cloud-init[1331]: Generation complete.
[[0;32m  OK  [0m] Stopped User Manager for UID 1000.
[[0;32m  OK  [0m] Removed slice User Slice of vagrant.
[[0;32m  OK  [0m] Created slice User Slice of vagrant.
         Starting User Manager for UID 1000...
[[0;32m  OK  [0m] Started Session 2 of user vagrant.
[[0;32m  OK  [0m] Started User Manager for UID 1000.
[   21.895504] cloud-init[1331]: Cloud-init v. 18.3-9-g2e62cb8a-0ubuntu1~16.04.2 running 'modules:config' at Sat, 06 Oct 2018 16:05:03 +0000. Up 19.23 seconds.
[[0;32m  OK  [0m] Started Apply the settings specified in cloud-config.
         Starting Execute cloud user/final scripts...
ci-info: no authorized ssh keys fingerprints found for user ubuntu.
<14>Oct  6 16:05:06 ec2: 
<14>Oct  6 16:05:06 ec2: #############################################################
<14>Oct  6 16:05:06 ec2: -----BEGIN SSH HOST KEY FINGERPRINTS-----
<14>Oct  6 16:05:06 ec2: 1024 SHA256:6Jx69gwea0RL1wId1mvruwH8LNGoqeSaQrr4xQaB2ec root@ubuntu-xenial (DSA)
<14>Oct  6 16:05:06 ec2: 256 SHA256:gIOzby7aNs4BrzCDApyy4vWYhk9mgZem4mmXvZ63Voc root@ubuntu-xenial (ECDSA)
<14>Oct  6 16:05:06 ec2: 256 SHA256:/MYrsLVMj7EQ+mpnRgBqvuZib1f2B/YwhoptOaP4eyI root@ubuntu-xenial (ED25519)
<14>Oct  6 16:05:06 ec2: 2048 SHA256:fUn+4fI2l+Ux6A77q/Yj+utF8Gxvr+knpolXWxTIVbk root@ubuntu-xenial (RSA)
<14>Oct  6 16:05:06 ec2: -----END SSH HOST KEY FINGERPRINTS-----
<14>Oct  6 16:05:06 ec2: #############################################################
-----BEGIN SSH HOST KEY KEYS-----
ecdsa-sha2-nistp256 AAAAE2VjZHNhLXNoYTItbmlzdHAyNTYAAAAIbmlzdHAyNTYAAABBBKqshQFXRmH/yTxVk7/jkBtwNffBmdAeRxL5Hqb2jNW5Ded9aejipXTgDfnxtcoqSkg/xW9J62iRb0A3dfmstY0= root@ubuntu-xenial
ssh-ed25519 AAAAC3NzaC1lZDI1NTE5AAAAIM8m3tf0B04hy15xCf8BgTfrc/fh7i+ehccj0MjYAmIb root@ubuntu-xenial
ssh-rsa AAAAB3NzaC1yc2EAAAADAQABAAABAQC0lPrjepvNoigfz0RnqD8SbHrIHAnILibm7SeQeQ4/vZuFWxMmLdqND4f25279+/g3RoHUpqdEU72E7IETFh8iv6OC+jlkmBXfSr3rX2gayMpoPq3BZdVDLKa5gSBJTzX9150oXi00CGp90wAP92rVVHEFuzgAzG8M4jXaeOaDG0NlZgXQpkq6wfRdUL9SiPQmtQmteqaIkXr7n9Ek3P/I7P+o+KPsnEsMt5w2XF9/epPUK6eXFcXQqiG+OqIhE1hCJYkuIC+K+i7FeAhsHdhKTygx+A6MgX0Rc58NS0z3LLukcogr2iwb/sdMEHKcyTifu6bhoc+SZ7Wmbkav/m+5 root@ubuntu-xenial
-----END SSH HOST KEY KEYS-----
[   22.647214] cloud-init[1552]: Cloud-init v. 18.3-9-g2e62cb8a-0ubuntu1~16.04.2 running 'modules:final' at Sat, 06 Oct 2018 16:05:06 +0000. Up 22.33 seconds.
[   22.651133] cloud-init[1552]: ci-info: no authorized ssh keys fingerprints found for user ubuntu.
[   22.652986] cloud-init[1552]: Cloud-init v. 18.3-9-g2e62cb8a-0ubuntu1~16.04.2 finished at Sat, 06 Oct 2018 16:05:06 +0000. Datasource DataSourceNoCloud [seed=/dev/sdb][dsmode=net].  Up 22.61 seconds

Ubuntu 16.04.5 LTS ubuntu-xenial ttyS0

ubuntu-xenial login:          Stopping Session 3 of user vagrant.
[[0;32m  OK  [0m] Closed Load/Save RF Kill Switch Status /dev/rfkill Watch.
         Stopping User Manager for UID 1000...
         Stopping Authenticate and Authorize Users to Run Privileged Tasks...
[[0;32m  OK  [0m] Stopped target Graphical Interface.
         Stopping Accounts Service...
         Stopping ACPI event daemon...
[[0;32m  OK  [0m] Stopped target Timers.
[[0;32m  OK  [0m] Stopped Daily Cleanup of Temporary Directories.
[[0;32m  OK  [0m] Stopped Daily apt upgrade and clean activities.
[[0;32m  OK  [0m] Stopped target Cloud-init target.
[[0;32m  OK  [0m] Stopped Execute cloud user/final scripts.
[[0;32m  OK  [0m] Stopped Apply the settings specified in cloud-config.
[[0;32m  OK  [0m] Stopped target Cloud-config availability.
[[0;32m  OK  [0m] Sr         Stopping LSB: Set up cgroupfs mounts....
[[0;32m  OK  [0m] Stopped Daily apt download activities.
[[0;32m  OK  [0m] Stopped target System Time Synchronized.
         Stopping Snappy daemon...
[[0;32m  OK  [0m] Unmounted /var/lib/lxcfs.
[[0;32m  OK  [0m] Stopped Snappy daemon.
[[0;32m  OK  [0m] Stopped System Logging Service.
[[0;32m  OK  [0m] Stopped Accounts Service.
[[0;32m  OK  [0m] Stopped Regular background program processing daemon.
[[0;32m  OK  [0m] Stopped Deferred execution scheduler.
[[0;32m  OK  [0m] Stopped ACPI event daemon.
[[0;32m  OK  [0m] Stopped Authenticate and Authorize Users to Run Privileged Tasks.
[[0;32m  OK  [0m] Stopped OpenBSD Secure Shell server.
[[0;32m  OK  [0m] Stopped Getty on tty1.
[[0;32m  OK  [0m] Stopped Serial Getty on ttyS0.
[[0;32m  OK  [0m] Stopped User Manager for UID 1000.
[[0;32m  OK  [0m] Stopped Session 3 of user vagrant.
[[0;32m  OK  [0m] Stopped D-Bus System Message Bus.
[[0;32m  OK  [0m] Stopped Unattended Upgrades Shutdown.
[[0;32m  OK  [0m] Stopped LSB: Set up cgroupfs mounts..
[[0;32m  OK  [0m] Stopped FUSE filesystem for LXC.
[[0;32m  OK  [0m] Stopped LSB: MD monitoring daemon.
[[0;32m  OK  [0m] Stopped LSB: Record successful boot for GRUB.
[[0;32m  OK  [0m] Stopped LSB: daemon to balance interrupts for SMP systems.
[[0;32m  OK  [0m] Stopped Virtualbox guest utils.
[[0;32m  OK  [0m] Stopped LSB: Set the CPU Frequency Scaling governor to "ondemand".
[[0;32m  OK  [0m] Stopped LSB: automatic crash report generation.
[[0;32m  OK  [0m] Stopped LXD - container startup/shutdown.
[[0;32m  OK  [0m] Removed slice User Slice of vagrant.
         Stopping Login Service...
[[0;32m  OK  [0m] Removed slice system-serial\x2dgetty.slice.
[[0;32m  OK  [0m] Stopped /etc/rc.local Compatibility.
[[0;32m  OK  [0m] Removed slice system-getty.slice.
         Stopping Permit User Sessions...
[[0;32m  OK  [0m] Stopped Permit User Sessions.
[[0;32m  OK  [0m] Stopped target Remote File Systems.
[[0;32m  OK  [0m] Stopped target Remote File Systems (Pre).
         Stopping Login to default iSCSI targets...
[[0;32m  OK  [0m] Stopped Login Service.
[[0;32m  OK  [0m] Stopped target User and Group Name Lookups.
[[0;32m  OK  [0m] Stopped Login to default iSCSI targets.
         Stopping iSCSI initiator daemon (iscsid)...
[[0;32m  OK  [0m] Stopped iSCSI initiator daemon (iscsid).
[[0;32m  OK  [0m] Stopped Docker Application Container Engine.
[[0;32m  OK  [0m] Stopped target Basic System.
[[0;32m  OK  [0m] Stopped target Slices.
[[0;32m  OK  [0m] Removed slice User and Session Slice.
[[0;32m  OK  [0m] Stopped target Paths.
[[0;32m  OK  [0m] Stopped Forward Password Requests to Wall Directory Watch.
[[0;32m  OK  [0m] Stopped Dispatch Password Requests to Console Directory Watch.
[[0;32m  OK  [0m] Stopped ACPI Events Check.
[[0;32m  OK  [0m] Stopped target Sockets.
[[0;32m  OK  [0m] Closed ACPID Listen Socket.
[[0;32m  OK  [0m] Closed LXD - unix socket.
[[0;32m  OK  [0m] Closed UUID daemon activation socket.
[[0;32m  OK  [0m] Closed Socket activation for snappy daemon.
[[0;32m  OK  [0m] Closed Syslog Socket.
[[0;32m  OK  [0m] Closed D-Bus System Message Bus Socket.
[[0;32m  OK  [0m] Stopped target Network is Online.
[[0;32m  OK  [0m] Stopped target Network.
[[0;32m  OK  [0m] Closed Docker Socket for the API.
[[0;32m  OK  [0m] Stopped target System Initialization.
[[0;32m  OK  [0m] Stopped Initial cloud-init job (metadata service crawler).
         Stopping Raise network interfaces...
         Stopping Load/Save Random Seed...
[[0;32m  OK  [0m] Stopped Create Volatile Files and Directories.
[[0;32m  OK  [0m] Stopped target Swap.
[[0;32m  OK  [0m] Stopped target Encrypted Volumes.
[[0;32m  OK  [0m] Stopped Commit a transient machine-id on disk.
[[0;32m  OK  [0m] Stopped Load/Save Random Seed.
[[0;32m  OK  [0m] Stopped Raise network interfaces.
[[0;32m  OK  [0m] Stopped Apply Kernel Variables.
[[0;32m  OK  [0m] Stopped target Local File Systems.
         Unmounting /vagrant...
         Unmounting /run/user/1000...
[[0;32m  OK  [0m] Stopped Load Kernel Modules.
[[0;32m  OK  [0m] Stopped target Network (Pre).
[[0;32m  OK  [0m] Stopped Initial cloud-init job (pre-networking).
[[0;32m  OK  [0m] Unmounted /vagrant.
[[0;32m  OK  [0m] Unmounted /run/user/1000.
[[0;32m  OK  [0m] Reached target Unmount All Filesystems.
[[0;32m  OK  [0m] Stopped target Local File Systems (Pre).
[[0;32m  OK  [0m] Stopped Remount Root and Kernel File Systems.
         Stopping Monitoring of LVM2 mirrors... dmeventd or progress polling...
[[0;32m  OK  [0m] Stopped Create Static Device Nodes in /dev.
[[0;32m  OK  [0m] Reached target Shutdown.
[ 3647.384409] reboot: Power down
